This file contains any messages produced by compilers while
running configure, to aid debugging if configure makes a mistake.

It was created by configure, which was
generated by GNU Autoconf 2.59.  Invocation command line was

  $ ./configure --enable-shared

## --------- ##
## Platform. ##
## --------- ##

hostname = ubuntu
uname -m = x86_64
uname -r = 3.19.0-46-generic
uname -s = Linux
uname -v = #52~14.04.1-Ubuntu SMP Thu Jan 14 11:20:01 UTC 2016

/usr/bin/uname -p = unknown
/bin/uname -X     = unknown

/bin/arch              = unknown
/usr/bin/arch -k       = unknown
/usr/convex/getsysinfo = unknown
hostinfo               = unknown
/bin/machine           = unknown
/usr/bin/oslevel       = unknown
/bin/universe          = unknown

PATH: /home/ishamo/.rvm/gems/ruby-2.2.1/bin
PATH: /home/ishamo/.rvm/gems/ruby-2.2.1@global/bin
PATH: /home/ishamo/.rvm/rubies/ruby-2.2.1/bin
PATH: /usr/local/sbin
PATH: /usr/local/bin
PATH: /usr/sbin
PATH: /usr/bin
PATH: /sbin
PATH: /bin
PATH: /usr/games
PATH: /usr/local/games
PATH: /home/ishamo/.rvm/bin
PATH: /home/ishamo/.rvm/bin
PATH: /home/ishamo/下载/sublime
PATH: /home/ishamo/下载/webstorm/bin
PATH: /usr/local/lib
PATH: /home/ishamo/.rvm/bin
PATH: /home/ishamo/.rvm/bin
PATH: /home/ishamo/下载/sublime
PATH: /home/ishamo/下载/webstorm/bin
PATH: /usr/local/lib
PATH: /home/ishamo/.rvm/bin


## ----------- ##
## Core tests. ##
## ----------- ##

configure:1553: checking build system type
configure:1571: result: x86_64-unknown-linux-gnu
configure:1579: checking host system type
configure:1593: result: x86_64-unknown-linux-gnu
configure:1601: checking target system type
configure:1615: result: x86_64-unknown-linux-gnu
configure:1661: checking for a BSD-compatible install
configure:1716: result: /usr/bin/install -c
configure:1727: checking whether build environment is sane
configure:1770: result: yes
configure:1827: checking for gawk
configure:1843: found /usr/bin/gawk
configure:1853: result: gawk
configure:1863: checking whether make sets $(MAKE)
configure:1883: result: yes
configure:2061: checking warning make an error on compilation
configure:2191: checking for gcc
configure:2207: found /usr/bin/gcc
configure:2217: result: gcc
configure:2461: checking for C compiler version
configure:2464: gcc --version </dev/null >&5
gcc (Ubuntu/Linaro 4.4.7-8ubuntu1) 4.4.7
Copyright (C) 2010 Free Software Foundation, Inc.
This is free software; see the source for copying conditions.  There is NO
warranty; not even for MERCHANTABILITY or FITNESS FOR A PARTICULAR PURPOSE.

configure:2467: $? = 0
configure:2469: gcc -v </dev/null >&5
Using built-in specs.
Target: x86_64-linux-gnu
Configured with: ../src/configure -v --with-pkgversion='Ubuntu/Linaro 4.4.7-8ubuntu1' --with-bugurl=file:///usr/share/doc/gcc-4.4/README.Bugs --enable-languages=c,c++,fortran --prefix=/usr --program-suffix=-4.4 --enable-shared --enable-linker-build-id --with-system-zlib --libexecdir=/usr/lib --without-included-gettext --enable-threads=posix --with-gxx-include-dir=/usr/include/c++/4.4 --libdir=/usr/lib --enable-nls --with-sysroot=/ --enable-clocale=gnu --enable-libstdcxx-debug --disable-libmudflap --disable-werror --with-arch-32=i686 --with-tune=generic --enable-checking=release --build=x86_64-linux-gnu --host=x86_64-linux-gnu --target=x86_64-linux-gnu
Thread model: posix
gcc version 4.4.7 (Ubuntu/Linaro 4.4.7-8ubuntu1) 
configure:2472: $? = 0
configure:2474: gcc -V </dev/null >&5
gcc: '-V' option must have argument
configure:2477: $? = 1
configure:2500: checking for C compiler default output file name
configure:2503: gcc    conftest.c  >&5
configure:2506: $? = 0
configure:2552: result: a.out
configure:2557: checking whether the C compiler works
configure:2563: ./a.out
configure:2566: $? = 0
configure:2583: result: yes
configure:2590: checking whether we are cross compiling
configure:2592: result: no
configure:2595: checking for suffix of executables
configure:2597: gcc -o conftest    conftest.c  >&5
configure:2600: $? = 0
configure:2625: result: 
configure:2631: checking for suffix of object files
configure:2652: gcc -c   conftest.c >&5
configure:2655: $? = 0
configure:2677: result: o
configure:2681: checking whether we are using the GNU C compiler
configure:2705: gcc -c   conftest.c >&5
configure:2711: $? = 0
configure:2714: test -z 			 || test ! -s conftest.err
configure:2717: $? = 0
configure:2720: test -s conftest.o
configure:2723: $? = 0
configure:2736: result: yes
configure:2742: checking whether gcc accepts -g
configure:2763: gcc -c -g  conftest.c >&5
configure:2769: $? = 0
configure:2772: test -z 			 || test ! -s conftest.err
configure:2775: $? = 0
configure:2778: test -s conftest.o
configure:2781: $? = 0
configure:2792: result: yes
configure:2809: checking for gcc option to accept ANSI C
configure:2879: gcc  -c -g -O2  conftest.c >&5
configure:2885: $? = 0
configure:2888: test -z 			 || test ! -s conftest.err
configure:2891: $? = 0
configure:2894: test -s conftest.o
configure:2897: $? = 0
configure:2915: result: none needed
configure:2933: gcc -c -g -O2  conftest.c >&5
conftest.c:2: error: expected '=', ',', ';', 'asm' or '__attribute__' before 'me'
configure:2939: $? = 1
configure: failed program was:
| #ifndef __cplusplus
|   choke me
| #endif
configure:3080: checking for style of include used by make
configure:3108: result: GNU
configure:3136: checking dependency style of gcc
configure:3226: result: gcc3
configure:3315: checking for a sed that does not truncate output
configure:3369: result: /bin/sed
configure:3372: checking for egrep
configure:3382: result: grep -E
configure:3398: checking for ld used by gcc
configure:3465: result: /usr/bin/ld
configure:3474: checking if the linker (/usr/bin/ld) is GNU ld
configure:3489: result: yes
configure:3494: checking for /usr/bin/ld option to reload object files
configure:3501: result: -r
configure:3519: checking for BSD-compatible nm
configure:3568: result: /usr/bin/nm -B
configure:3572: checking whether ln -s works
configure:3576: result: yes
configure:3583: checking how to recognise dependent libraries
configure:3759: result: pass_all
configure:3847: gcc -c -g -O2  conftest.c >&5
configure:3850: $? = 0
configure:3995: checking how to run the C preprocessor
configure:4030: gcc -E  conftest.c
configure:4036: $? = 0
configure:4068: gcc -E  conftest.c
conftest.c:13: fatal error: ac_nonexistent.h: No such file or directory
compilation terminated.
configure:4074: $? = 1
configure: failed program was:
| /* confdefs.h.  */
| 
| #define PACKAGE_NAME ""
| #define PACKAGE_TARNAME ""
| #define PACKAGE_VERSION ""
| #define PACKAGE_STRING ""
| #define PACKAGE_BUGREPORT ""
| #define ORTP_MAJOR_VERSION 0
| #define ORTP_MINOR_VERSION 9
| #define ORTP_MICRO_VERSION 1
| #define ORTP_VERSION "0.9.1"
| /* end confdefs.h.  */
| #include <ac_nonexistent.h>
configure:4113: result: gcc -E
configure:4137: gcc -E  conftest.c
configure:4143: $? = 0
configure:4175: gcc -E  conftest.c
conftest.c:13: fatal error: ac_nonexistent.h: No such file or directory
compilation terminated.
configure:4181: $? = 1
configure: failed program was:
| /* confdefs.h.  */
| 
| #define PACKAGE_NAME ""
| #define PACKAGE_TARNAME ""
| #define PACKAGE_VERSION ""
| #define PACKAGE_STRING ""
| #define PACKAGE_BUGREPORT ""
| #define ORTP_MAJOR_VERSION 0
| #define ORTP_MINOR_VERSION 9
| #define ORTP_MICRO_VERSION 1
| #define ORTP_VERSION "0.9.1"
| /* end confdefs.h.  */
| #include <ac_nonexistent.h>
configure:4225: checking for ANSI C header files
configure:4250: gcc -c -g -O2  conftest.c >&5
configure:4256: $? = 0
configure:4259: test -z 			 || test ! -s conftest.err
configure:4262: $? = 0
configure:4265: test -s conftest.o
configure:4268: $? = 0
configure:4357: gcc -o conftest -g -O2   conftest.c  >&5
conftest.c: In function 'main':
conftest.c:30: warning: incompatible implicit declaration of built-in function 'exit'
configure:4360: $? = 0
configure:4362: ./conftest
configure:4365: $? = 0
configure:4380: result: yes
configure:4404: checking for sys/types.h
configure:4420: gcc -c -g -O2  conftest.c >&5
configure:4426: $? = 0
configure:4429: test -z 			 || test ! -s conftest.err
configure:4432: $? = 0
configure:4435: test -s conftest.o
configure:4438: $? = 0
configure:4449: result: yes
configure:4404: checking for sys/stat.h
configure:4420: gcc -c -g -O2  conftest.c >&5
configure:4426: $? = 0
configure:4429: test -z 			 || test ! -s conftest.err
configure:4432: $? = 0
configure:4435: test -s conftest.o
configure:4438: $? = 0
configure:4449: result: yes
configure:4404: checking for stdlib.h
configure:4420: gcc -c -g -O2  conftest.c >&5
configure:4426: $? = 0
configure:4429: test -z 			 || test ! -s conftest.err
configure:4432: $? = 0
configure:4435: test -s conftest.o
configure:4438: $? = 0
configure:4449: result: yes
configure:4404: checking for string.h
configure:4420: gcc -c -g -O2  conftest.c >&5
configure:4426: $? = 0
configure:4429: test -z 			 || test ! -s conftest.err
configure:4432: $? = 0
configure:4435: test -s conftest.o
configure:4438: $? = 0
configure:4449: result: yes
configure:4404: checking for memory.h
configure:4420: gcc -c -g -O2  conftest.c >&5
configure:4426: $? = 0
configure:4429: test -z 			 || test ! -s conftest.err
configure:4432: $? = 0
configure:4435: test -s conftest.o
configure:4438: $? = 0
configure:4449: result: yes
configure:4404: checking for strings.h
configure:4420: gcc -c -g -O2  conftest.c >&5
configure:4426: $? = 0
configure:4429: test -z 			 || test ! -s conftest.err
configure:4432: $? = 0
configure:4435: test -s conftest.o
configure:4438: $? = 0
configure:4449: result: yes
configure:4404: checking for inttypes.h
configure:4420: gcc -c -g -O2  conftest.c >&5
configure:4426: $? = 0
configure:4429: test -z 			 || test ! -s conftest.err
configure:4432: $? = 0
configure:4435: test -s conftest.o
configure:4438: $? = 0
configure:4449: result: yes
configure:4404: checking for stdint.h
configure:4420: gcc -c -g -O2  conftest.c >&5
configure:4426: $? = 0
configure:4429: test -z 			 || test ! -s conftest.err
configure:4432: $? = 0
configure:4435: test -s conftest.o
configure:4438: $? = 0
configure:4449: result: yes
configure:4404: checking for unistd.h
configure:4420: gcc -c -g -O2  conftest.c >&5
configure:4426: $? = 0
configure:4429: test -z 			 || test ! -s conftest.err
configure:4432: $? = 0
configure:4435: test -s conftest.o
configure:4438: $? = 0
configure:4449: result: yes
configure:4475: checking dlfcn.h usability
configure:4487: gcc -c -g -O2  conftest.c >&5
configure:4493: $? = 0
configure:4496: test -z 			 || test ! -s conftest.err
configure:4499: $? = 0
configure:4502: test -s conftest.o
configure:4505: $? = 0
configure:4515: result: yes
configure:4519: checking dlfcn.h presence
configure:4529: gcc -E  conftest.c
configure:4535: $? = 0
configure:4555: result: yes
configure:4590: checking for dlfcn.h
configure:4597: result: yes
configure:4662: checking for g++
configure:4678: found /usr/bin/g++
configure:4688: result: g++
configure:4704: checking for C++ compiler version
configure:4707: g++ --version </dev/null >&5
g++ (Ubuntu 4.8.4-2ubuntu1~14.04.1) 4.8.4
Copyright (C) 2013 Free Software Foundation, Inc.
This is free software; see the source for copying conditions.  There is NO
warranty; not even for MERCHANTABILITY or FITNESS FOR A PARTICULAR PURPOSE.

configure:4710: $? = 0
configure:4712: g++ -v </dev/null >&5
Using built-in specs.
COLLECT_GCC=g++
COLLECT_LTO_WRAPPER=/usr/lib/gcc/x86_64-linux-gnu/4.8/lto-wrapper
Target: x86_64-linux-gnu
Configured with: ../src/configure -v --with-pkgversion='Ubuntu 4.8.4-2ubuntu1~14.04.1' --with-bugurl=file:///usr/share/doc/gcc-4.8/README.Bugs --enable-languages=c,c++,java,go,d,fortran,objc,obj-c++ --prefix=/usr --program-suffix=-4.8 --enable-shared --enable-linker-build-id --libexecdir=/usr/lib --without-included-gettext --enable-threads=posix --with-gxx-include-dir=/usr/include/c++/4.8 --libdir=/usr/lib --enable-nls --with-sysroot=/ --enable-clocale=gnu --enable-libstdcxx-debug --enable-libstdcxx-time=yes --enable-gnu-unique-object --disable-libmudflap --enable-plugin --with-system-zlib --disable-browser-plugin --enable-java-awt=gtk --enable-gtk-cairo --with-java-home=/usr/lib/jvm/java-1.5.0-gcj-4.8-amd64/jre --enable-java-home --with-jvm-root-dir=/usr/lib/jvm/java-1.5.0-gcj-4.8-amd64 --with-jvm-jar-dir=/usr/lib/jvm-exports/java-1.5.0-gcj-4.8-amd64 --with-arch-directory=amd64 --with-ecj-jar=/usr/share/java/eclipse-ecj.jar --enable-objc-gc --enable-multiarch --disable-werror --with-arch-32=i686 --with-abi=m64 --with-multilib-list=m32,m64,mx32 --with-tune=generic --enable-checking=release --build=x86_64-linux-gnu --host=x86_64-linux-gnu --target=x86_64-linux-gnu
Thread model: posix
gcc version 4.8.4 (Ubuntu 4.8.4-2ubuntu1~14.04.1) 
configure:4715: $? = 0
configure:4717: g++ -V </dev/null >&5
g++: error: unrecognized command line option '-V'
g++: fatal error: no input files
compilation terminated.
configure:4720: $? = 4
configure:4723: checking whether we are using the GNU C++ compiler
configure:4747: g++ -c   conftest.cc >&5
configure:4753: $? = 0
configure:4756: test -z 			 || test ! -s conftest.err
configure:4759: $? = 0
configure:4762: test -s conftest.o
configure:4765: $? = 0
configure:4778: result: yes
configure:4784: checking whether g++ accepts -g
configure:4805: g++ -c -g  conftest.cc >&5
configure:4811: $? = 0
configure:4814: test -z 			 || test ! -s conftest.err
configure:4817: $? = 0
configure:4820: test -s conftest.o
configure:4823: $? = 0
configure:4834: result: yes
configure:4876: g++ -c -g -O2  conftest.cc >&5
configure:4882: $? = 0
configure:4885: test -z 			 || test ! -s conftest.err
configure:4888: $? = 0
configure:4891: test -s conftest.o
configure:4894: $? = 0
configure:4920: g++ -c -g -O2  conftest.cc >&5
conftest.cc: In function 'int main()':
conftest.cc:28:9: error: 'exit' was not declared in this scope
 exit (42);
         ^
configure:4926: $? = 1
configure: failed program was:
| /* confdefs.h.  */
| 
| #define PACKAGE_NAME ""
| #define PACKAGE_TARNAME ""
| #define PACKAGE_VERSION ""
| #define PACKAGE_STRING ""
| #define PACKAGE_BUGREPORT ""
| #define ORTP_MAJOR_VERSION 0
| #define ORTP_MINOR_VERSION 9
| #define ORTP_MICRO_VERSION 1
| #define ORTP_VERSION "0.9.1"
| #define STDC_HEADERS 1
| #define HAVE_SYS_TYPES_H 1
| #define HAVE_SYS_STAT_H 1
| #define HAVE_STDLIB_H 1
| #define HAVE_STRING_H 1
| #define HAVE_MEMORY_H 1
| #define HAVE_STRINGS_H 1
| #define HAVE_INTTYPES_H 1
| #define HAVE_STDINT_H 1
| #define HAVE_UNISTD_H 1
| #define HAVE_DLFCN_H 1
| /* end confdefs.h.  */
| 
| int
| main ()
| {
| exit (42);
|   ;
|   return 0;
| }
configure:4876: g++ -c -g -O2  conftest.cc >&5
conftest.cc:24:40: error: 'void std::exit(int)' should have been declared inside 'std'
 extern "C" void std::exit (int) throw (); using std::exit;
                                        ^
configure:4882: $? = 1
configure: failed program was:
| /* confdefs.h.  */
| 
| #define PACKAGE_NAME ""
| #define PACKAGE_TARNAME ""
| #define PACKAGE_VERSION ""
| #define PACKAGE_STRING ""
| #define PACKAGE_BUGREPORT ""
| #define ORTP_MAJOR_VERSION 0
| #define ORTP_MINOR_VERSION 9
| #define ORTP_MICRO_VERSION 1
| #define ORTP_VERSION "0.9.1"
| #define STDC_HEADERS 1
| #define HAVE_SYS_TYPES_H 1
| #define HAVE_SYS_STAT_H 1
| #define HAVE_STDLIB_H 1
| #define HAVE_STRING_H 1
| #define HAVE_MEMORY_H 1
| #define HAVE_STRINGS_H 1
| #define HAVE_INTTYPES_H 1
| #define HAVE_STDINT_H 1
| #define HAVE_UNISTD_H 1
| #define HAVE_DLFCN_H 1
| /* end confdefs.h.  */
| extern "C" void std::exit (int) throw (); using std::exit;
| #include <stdlib.h>
| int
| main ()
| {
| exit (42);
|   ;
|   return 0;
| }
configure:4876: g++ -c -g -O2  conftest.cc >&5
conftest.cc:24:31: error: 'void std::exit(int)' should have been declared inside 'std'
 extern "C" void std::exit (int); using std::exit;
                               ^
In file included from conftest.cc:25:0:
/usr/include/stdlib.h:543:70: error: declaration of 'void std::exit(int) throw ()' has a different exception specifier
 extern void exit (int __status) __THROW __attribute__ ((__noreturn__));
                                                                      ^
conftest.cc:24:17: error: from previous declaration 'void std::exit(int)'
 extern "C" void std::exit (int); using std::exit;
                 ^
configure:4882: $? = 1
configure: failed program was:
| /* confdefs.h.  */
| 
| #define PACKAGE_NAME ""
| #define PACKAGE_TARNAME ""
| #define PACKAGE_VERSION ""
| #define PACKAGE_STRING ""
| #define PACKAGE_BUGREPORT ""
| #define ORTP_MAJOR_VERSION 0
| #define ORTP_MINOR_VERSION 9
| #define ORTP_MICRO_VERSION 1
| #define ORTP_VERSION "0.9.1"
| #define STDC_HEADERS 1
| #define HAVE_SYS_TYPES_H 1
| #define HAVE_SYS_STAT_H 1
| #define HAVE_STDLIB_H 1
| #define HAVE_STRING_H 1
| #define HAVE_MEMORY_H 1
| #define HAVE_STRINGS_H 1
| #define HAVE_INTTYPES_H 1
| #define HAVE_STDINT_H 1
| #define HAVE_UNISTD_H 1
| #define HAVE_DLFCN_H 1
| /* end confdefs.h.  */
| extern "C" void std::exit (int); using std::exit;
| #include <stdlib.h>
| int
| main ()
| {
| exit (42);
|   ;
|   return 0;
| }
configure:4876: g++ -c -g -O2  conftest.cc >&5
configure:4882: $? = 0
configure:4885: test -z 			 || test ! -s conftest.err
configure:4888: $? = 0
configure:4891: test -s conftest.o
configure:4894: $? = 0
configure:4920: g++ -c -g -O2  conftest.cc >&5
configure:4926: $? = 0
configure:4929: test -z 			 || test ! -s conftest.err
configure:4932: $? = 0
configure:4935: test -s conftest.o
configure:4938: $? = 0
configure:4963: checking dependency style of g++
configure:5053: result: gcc3
configure:5080: checking how to run the C++ preprocessor
configure:5111: g++ -E  conftest.cc
configure:5117: $? = 0
configure:5149: g++ -E  conftest.cc
conftest.cc:27:28: fatal error: ac_nonexistent.h: No such file or directory
 #include <ac_nonexistent.h>
                            ^
compilation terminated.
configure:5155: $? = 1
configure: failed program was:
| /* confdefs.h.  */
| 
| #define PACKAGE_NAME ""
| #define PACKAGE_TARNAME ""
| #define PACKAGE_VERSION ""
| #define PACKAGE_STRING ""
| #define PACKAGE_BUGREPORT ""
| #define ORTP_MAJOR_VERSION 0
| #define ORTP_MINOR_VERSION 9
| #define ORTP_MICRO_VERSION 1
| #define ORTP_VERSION "0.9.1"
| #define STDC_HEADERS 1
| #define HAVE_SYS_TYPES_H 1
| #define HAVE_SYS_STAT_H 1
| #define HAVE_STDLIB_H 1
| #define HAVE_STRING_H 1
| #define HAVE_MEMORY_H 1
| #define HAVE_STRINGS_H 1
| #define HAVE_INTTYPES_H 1
| #define HAVE_STDINT_H 1
| #define HAVE_UNISTD_H 1
| #define HAVE_DLFCN_H 1
| #ifdef __cplusplus
| extern "C" void exit (int) throw ();
| #endif
| /* end confdefs.h.  */
| #include <ac_nonexistent.h>
configure:5194: result: g++ -E
configure:5218: g++ -E  conftest.cc
configure:5224: $? = 0
configure:5256: g++ -E  conftest.cc
conftest.cc:27:28: fatal error: ac_nonexistent.h: No such file or directory
 #include <ac_nonexistent.h>
                            ^
compilation terminated.
configure:5262: $? = 1
configure: failed program was:
| /* confdefs.h.  */
| 
| #define PACKAGE_NAME ""
| #define PACKAGE_TARNAME ""
| #define PACKAGE_VERSION ""
| #define PACKAGE_STRING ""
| #define PACKAGE_BUGREPORT ""
| #define ORTP_MAJOR_VERSION 0
| #define ORTP_MINOR_VERSION 9
| #define ORTP_MICRO_VERSION 1
| #define ORTP_VERSION "0.9.1"
| #define STDC_HEADERS 1
| #define HAVE_SYS_TYPES_H 1
| #define HAVE_SYS_STAT_H 1
| #define HAVE_STDLIB_H 1
| #define HAVE_STRING_H 1
| #define HAVE_MEMORY_H 1
| #define HAVE_STRINGS_H 1
| #define HAVE_INTTYPES_H 1
| #define HAVE_STDINT_H 1
| #define HAVE_UNISTD_H 1
| #define HAVE_DLFCN_H 1
| #ifdef __cplusplus
| extern "C" void exit (int) throw ();
| #endif
| /* end confdefs.h.  */
| #include <ac_nonexistent.h>
configure:5359: checking for g77
configure:5388: result: no
configure:5359: checking for f77
configure:5388: result: no
configure:5359: checking for xlf
configure:5388: result: no
configure:5359: checking for frt
configure:5388: result: no
configure:5359: checking for pgf77
configure:5388: result: no
configure:5359: checking for fort77
configure:5388: result: no
configure:5359: checking for fl32
configure:5388: result: no
configure:5359: checking for af77
configure:5388: result: no
configure:5359: checking for f90
configure:5388: result: no
configure:5359: checking for xlf90
configure:5388: result: no
configure:5359: checking for pgf90
configure:5388: result: no
configure:5359: checking for epcf90
configure:5388: result: no
configure:5359: checking for f95
configure:5388: result: no
configure:5359: checking for fort
configure:5388: result: no
configure:5359: checking for xlf95
configure:5388: result: no
configure:5359: checking for ifc
configure:5388: result: no
configure:5359: checking for efc
configure:5388: result: no
configure:5359: checking for pgf95
configure:5388: result: no
configure:5359: checking for lf95
configure:5388: result: no
configure:5359: checking for gfortran
configure:5388: result: no
configure:5400: checking for Fortran 77 compiler version
configure:5403:  --version </dev/null >&5
./configure: line 5404: --version: command not found
configure:5406: $? = 127
configure:5408:  -v </dev/null >&5
./configure: line 5409: -v: command not found
configure:5411: $? = 127
configure:5413:  -V </dev/null >&5
./configure: line 5414: -V: command not found
configure:5416: $? = 127
configure:5424: checking whether we are using the GNU Fortran 77 compiler
configure:5438:  -c  conftest.F >&5
./configure: line 5439: -c: command not found
configure:5444: $? = 127
configure: failed program was:
|       program main
| #ifndef __GNUC__
|        choke me
| #endif
| 
|       end
configure:5469: result: no
configure:5475: checking whether  accepts -g
configure:5487:  -c -g conftest.f >&5
./configure: line 5488: -c: command not found
configure:5493: $? = 127
configure: failed program was:
|       program main
| 
|       end
configure:5517: result: no
configure:5547: checking the maximum length of command line arguments
configure:5656: result: 32768
configure:5667: checking command to parse /usr/bin/nm -B output from gcc object
configure:5772: gcc -c -g -O2  conftest.c >&5
configure:5775: $? = 0
configure:5779: /usr/bin/nm -B conftest.o \| sed -n -e 's/^.*[ 	]\([ABCDGIRSTW][ABCDGIRSTW]*\)[ 	][ 	]*\([_A-Za-z][_A-Za-z0-9]*\)$/\1 \2 \2/p' \> conftest.nm
configure:5782: $? = 0
configure:5834: gcc -o conftest -g -O2   conftest.c conftstm.o >&5
configure:5837: $? = 0
configure:5875: result: ok
configure:5879: checking for objdir
configure:5894: result: .libs
configure:5984: checking for ar
configure:6000: found /usr/bin/ar
configure:6011: result: ar
configure:6064: checking for ranlib
configure:6080: found /usr/bin/ranlib
configure:6091: result: ranlib
configure:6144: checking for strip
configure:6160: found /usr/bin/strip
configure:6171: result: strip
configure:6443: checking if gcc supports -fno-rtti -fno-exceptions
configure:6461: gcc -c -g -O2  -fno-rtti -fno-exceptions conftest.c >&5
cc1: warning: command line option "-fno-rtti" is valid for C++/ObjC++ but not for C
configure:6465: $? = 0
configure:6478: result: no
configure:6493: checking for gcc option to produce PIC
configure:6703: result: -fPIC
configure:6711: checking if gcc PIC flag -fPIC works
configure:6729: gcc -c -g -O2  -fPIC -DPIC conftest.c >&5
configure:6733: $? = 0
configure:6746: result: yes
configure:6774: checking if gcc static flag -static works
configure:6802: result: yes
configure:6812: checking if gcc supports -c -o file.o
configure:6833: gcc -c -g -O2  -o out/conftest2.o conftest.c >&5
configure:6837: $? = 0
configure:6859: result: yes
configure:6885: checking whether the gcc linker (/usr/bin/ld -m elf_x86_64) supports shared libraries
configure:7851: result: yes
configure:7872: checking whether -lc should be explicitly linked in
configure:7877: gcc -c -g -O2  conftest.c >&5
configure:7880: $? = 0
configure:7895: gcc -shared conftest.o  -v -Wl,-soname -Wl,conftest -o conftest 2\>\&1 \| grep  -lc  \>/dev/null 2\>\&1
configure:7898: $? = 0
configure:7910: result: no
configure:7918: checking dynamic linker characteristics
configure:8518: result: GNU/Linux ld.so
configure:8527: checking how to hardcode library paths into programs
configure:8552: result: immediate
configure:8566: checking whether stripping libraries is possible
configure:8571: result: yes
configure:9398: checking if libtool supports shared libraries
configure:9400: result: yes
configure:9403: checking whether to build shared libraries
configure:9424: result: yes
configure:9427: checking whether to build static libraries
configure:9431: result: yes
configure:9523: creating libtool
configure:10111: checking for ld used by g++
configure:10178: result: /usr/bin/ld -m elf_x86_64
configure:10187: checking if the linker (/usr/bin/ld -m elf_x86_64) is GNU ld
configure:10202: result: yes
configure:10253: checking whether the g++ linker (/usr/bin/ld -m elf_x86_64) supports shared libraries
configure:11189: result: yes
configure:11207: g++ -c -g -O2  conftest.cpp >&5
configure:11210: $? = 0
configure:11329: checking for g++ option to produce PIC
configure:11603: result: -fPIC
configure:11611: checking if g++ PIC flag -fPIC works
configure:11629: g++ -c -g -O2  -fPIC -DPIC conftest.cpp >&5
configure:11633: $? = 0
configure:11646: result: yes
configure:11674: checking if g++ static flag -static works
configure:11702: result: yes
configure:11712: checking if g++ supports -c -o file.o
configure:11733: g++ -c -g -O2  -o out/conftest2.o conftest.cpp >&5
configure:11737: $? = 0
configure:11759: result: yes
configure:11785: checking whether the g++ linker (/usr/bin/ld -m elf_x86_64) supports shared libraries
configure:11816: result: yes
configure:11883: checking dynamic linker characteristics
configure:12483: result: GNU/Linux ld.so
configure:12492: checking how to hardcode library paths into programs
configure:12517: result: immediate
configure:18773: checking for seteuid
configure:18830: gcc -o conftest -g -O2 -Wall   conftest.c  >&5
configure:18836: $? = 0
configure:18839: test -z 			 || test ! -s conftest.err
configure:18842: $? = 0
configure:18845: test -s conftest
configure:18848: $? = 0
configure:18860: result: yes
configure:18872: checking for pthread_mutex_init in -lpthread
configure:18902: gcc -o conftest -g -O2 -Wall   conftest.c -lpthread   >&5
configure:18908: $? = 0
configure:18911: test -z 			 || test ! -s conftest.err
configure:18914: $? = 0
configure:18917: test -s conftest
configure:18920: $? = 0
configure:18933: result: yes
configure:18983: checking for ANSI C header files
configure:19138: result: yes
configure:19169: checking poll.h usability
configure:19181: gcc -c -g -O2 -Wall  conftest.c >&5
configure:19187: $? = 0
configure:19190: test -z 			 || test ! -s conftest.err
configure:19193: $? = 0
configure:19196: test -s conftest.o
configure:19199: $? = 0
configure:19209: result: yes
configure:19213: checking poll.h presence
configure:19223: gcc -E  conftest.c
configure:19229: $? = 0
configure:19249: result: yes
configure:19284: checking for poll.h
configure:19291: result: yes
configure:19169: checking sys/poll.h usability
configure:19181: gcc -c -g -O2 -Wall  conftest.c >&5
configure:19187: $? = 0
configure:19190: test -z 			 || test ! -s conftest.err
configure:19193: $? = 0
configure:19196: test -s conftest.o
configure:19199: $? = 0
configure:19209: result: yes
configure:19213: checking sys/poll.h presence
configure:19223: gcc -E  conftest.c
configure:19229: $? = 0
configure:19249: result: yes
configure:19284: checking for sys/poll.h
configure:19291: result: yes
configure:19169: checking sys/uio.h usability
configure:19181: gcc -c -g -O2 -Wall  conftest.c >&5
configure:19187: $? = 0
configure:19190: test -z 			 || test ! -s conftest.err
configure:19193: $? = 0
configure:19196: test -s conftest.o
configure:19199: $? = 0
configure:19209: result: yes
configure:19213: checking sys/uio.h presence
configure:19223: gcc -E  conftest.c
configure:19229: $? = 0
configure:19249: result: yes
configure:19284: checking for sys/uio.h
configure:19291: result: yes
configure:19169: checking fcntl.h usability
configure:19181: gcc -c -g -O2 -Wall  conftest.c >&5
configure:19187: $? = 0
configure:19190: test -z 			 || test ! -s conftest.err
configure:19193: $? = 0
configure:19196: test -s conftest.o
configure:19199: $? = 0
configure:19209: result: yes
configure:19213: checking fcntl.h presence
configure:19223: gcc -E  conftest.c
configure:19229: $? = 0
configure:19249: result: yes
configure:19284: checking for fcntl.h
configure:19291: result: yes
configure:19169: checking sys/time.h usability
configure:19181: gcc -c -g -O2 -Wall  conftest.c >&5
configure:19187: $? = 0
configure:19190: test -z 			 || test ! -s conftest.err
configure:19193: $? = 0
configure:19196: test -s conftest.o
configure:19199: $? = 0
configure:19209: result: yes
configure:19213: checking sys/time.h presence
configure:19223: gcc -E  conftest.c
configure:19229: $? = 0
configure:19249: result: yes
configure:19284: checking for sys/time.h
configure:19291: result: yes
configure:19160: checking for unistd.h
configure:19165: result: yes
configure:19169: checking sys/audio.h usability
configure:19181: gcc -c -g -O2 -Wall  conftest.c >&5
conftest.c:69: fatal error: sys/audio.h: No such file or directory
compilation terminated.
configure:19187: $? = 1
configure: failed program was:
| /* confdefs.h.  */
| 
| #define PACKAGE_NAME ""
| #define PACKAGE_TARNAME ""
| #define PACKAGE_VERSION ""
| #define PACKAGE_STRING ""
| #define PACKAGE_BUGREPORT ""
| #define ORTP_MAJOR_VERSION 0
| #define ORTP_MINOR_VERSION 9
| #define ORTP_MICRO_VERSION 1
| #define ORTP_VERSION "0.9.1"
| #define STDC_HEADERS 1
| #define HAVE_SYS_TYPES_H 1
| #define HAVE_SYS_STAT_H 1
| #define HAVE_STDLIB_H 1
| #define HAVE_STRING_H 1
| #define HAVE_MEMORY_H 1
| #define HAVE_STRINGS_H 1
| #define HAVE_INTTYPES_H 1
| #define HAVE_STDINT_H 1
| #define HAVE_UNISTD_H 1
| #define HAVE_DLFCN_H 1
| #ifdef __cplusplus
| extern "C" void exit (int) throw ();
| #endif
| #define HAVE_SETEUID 1
| #define STDC_HEADERS 1
| #define HAVE_POLL_H 1
| #define HAVE_SYS_POLL_H 1
| #define HAVE_SYS_UIO_H 1
| #define HAVE_FCNTL_H 1
| #define HAVE_SYS_TIME_H 1
| #define HAVE_UNISTD_H 1
| /* end confdefs.h.  */
| #include <stdio.h>
| #if HAVE_SYS_TYPES_H
| # include <sys/types.h>
| #endif
| #if HAVE_SYS_STAT_H
| # include <sys/stat.h>
| #endif
| #if STDC_HEADERS
| # include <stdlib.h>
| # include <stddef.h>
| #else
| # if HAVE_STDLIB_H
| #  include <stdlib.h>
| # endif
| #endif
| #if HAVE_STRING_H
| # if !STDC_HEADERS && HAVE_MEMORY_H
| #  include <memory.h>
| # endif
| # include <string.h>
| #endif
| #if HAVE_STRINGS_H
| # include <strings.h>
| #endif
| #if HAVE_INTTYPES_H
| # include <inttypes.h>
| #else
| # if HAVE_STDINT_H
| #  include <stdint.h>
| # endif
| #endif
| #if HAVE_UNISTD_H
| # include <unistd.h>
| #endif
| #include <sys/audio.h>
configure:19209: result: no
configure:19213: checking sys/audio.h presence
configure:19223: gcc -E  conftest.c
conftest.c:35: fatal error: sys/audio.h: No such file or directory
compilation terminated.
configure:19229: $? = 1
configure: failed program was:
| /* confdefs.h.  */
| 
| #define PACKAGE_NAME ""
| #define PACKAGE_TARNAME ""
| #define PACKAGE_VERSION ""
| #define PACKAGE_STRING ""
| #define PACKAGE_BUGREPORT ""
| #define ORTP_MAJOR_VERSION 0
| #define ORTP_MINOR_VERSION 9
| #define ORTP_MICRO_VERSION 1
| #define ORTP_VERSION "0.9.1"
| #define STDC_HEADERS 1
| #define HAVE_SYS_TYPES_H 1
| #define HAVE_SYS_STAT_H 1
| #define HAVE_STDLIB_H 1
| #define HAVE_STRING_H 1
| #define HAVE_MEMORY_H 1
| #define HAVE_STRINGS_H 1
| #define HAVE_INTTYPES_H 1
| #define HAVE_STDINT_H 1
| #define HAVE_UNISTD_H 1
| #define HAVE_DLFCN_H 1
| #ifdef __cplusplus
| extern "C" void exit (int) throw ();
| #endif
| #define HAVE_SETEUID 1
| #define STDC_HEADERS 1
| #define HAVE_POLL_H 1
| #define HAVE_SYS_POLL_H 1
| #define HAVE_SYS_UIO_H 1
| #define HAVE_FCNTL_H 1
| #define HAVE_SYS_TIME_H 1
| #define HAVE_UNISTD_H 1
| /* end confdefs.h.  */
| #include <sys/audio.h>
configure:19249: result: no
configure:19284: checking for sys/audio.h
configure:19291: result: no
configure:19169: checking linux/soundcard.h usability
configure:19181: gcc -c -g -O2 -Wall  conftest.c >&5
configure:19187: $? = 0
configure:19190: test -z 			 || test ! -s conftest.err
configure:19193: $? = 0
configure:19196: test -s conftest.o
configure:19199: $? = 0
configure:19209: result: yes
configure:19213: checking linux/soundcard.h presence
configure:19223: gcc -E  conftest.c
configure:19229: $? = 0
configure:19249: result: yes
configure:19284: checking for linux/soundcard.h
configure:19291: result: yes
configure:19305: checking for an ANSI C-conforming const
configure:19372: gcc -c -g -O2 -Wall  conftest.c >&5
conftest.c: In function 'main':
conftest.c:63: warning: unused variable 's'
conftest.c:83: warning: unused variable 'foo'
conftest.c:50: warning: unused variable 'zero'
conftest.c:44: warning: unused variable 'x'
conftest.c:65: warning: 't' is used uninitialized in this function
conftest.c:80: warning: 'b' is used uninitialized in this function
configure:19378: $? = 0
configure:19381: test -z 			 || test ! -s conftest.err
configure:19384: $? = 0
configure:19387: test -s conftest.o
configure:19390: $? = 0
configure:19401: result: yes
configure:19411: checking for inline
configure:19432: gcc -c -g -O2 -Wall  conftest.c >&5
configure:19438: $? = 0
configure:19441: test -z 			 || test ! -s conftest.err
configure:19444: $? = 0
configure:19447: test -s conftest.o
configure:19450: $? = 0
configure:19462: result: inline
configure:19481: checking whether time.h and sys/time.h may both be included
configure:19506: gcc -c -g -O2 -Wall  conftest.c >&5
configure:19512: $? = 0
configure:19515: test -z 			 || test ! -s conftest.err
configure:19518: $? = 0
configure:19521: test -s conftest.o
configure:19524: $? = 0
configure:19535: result: yes
configure:19545: checking whether byte ordering is bigendian
configure:19572: gcc -c -g -O2 -Wall  conftest.c >&5
configure:19578: $? = 0
configure:19581: test -z 			 || test ! -s conftest.err
configure:19584: $? = 0
configure:19587: test -s conftest.o
configure:19590: $? = 0
configure:19614: gcc -c -g -O2 -Wall  conftest.c >&5
conftest.c: In function 'main':
conftest.c:44: error: 'not' undeclared (first use in this function)
conftest.c:44: error: (Each undeclared identifier is reported only once
conftest.c:44: error: for each function it appears in.)
conftest.c:44: error: expected ';' before 'big'
configure:19620: $? = 1
configure: failed program was:
| /* confdefs.h.  */
| 
| #define PACKAGE_NAME ""
| #define PACKAGE_TARNAME ""
| #define PACKAGE_VERSION ""
| #define PACKAGE_STRING ""
| #define PACKAGE_BUGREPORT ""
| #define ORTP_MAJOR_VERSION 0
| #define ORTP_MINOR_VERSION 9
| #define ORTP_MICRO_VERSION 1
| #define ORTP_VERSION "0.9.1"
| #define STDC_HEADERS 1
| #define HAVE_SYS_TYPES_H 1
| #define HAVE_SYS_STAT_H 1
| #define HAVE_STDLIB_H 1
| #define HAVE_STRING_H 1
| #define HAVE_MEMORY_H 1
| #define HAVE_STRINGS_H 1
| #define HAVE_INTTYPES_H 1
| #define HAVE_STDINT_H 1
| #define HAVE_UNISTD_H 1
| #define HAVE_DLFCN_H 1
| #ifdef __cplusplus
| extern "C" void exit (int) throw ();
| #endif
| #define HAVE_SETEUID 1
| #define STDC_HEADERS 1
| #define HAVE_POLL_H 1
| #define HAVE_SYS_POLL_H 1
| #define HAVE_SYS_UIO_H 1
| #define HAVE_FCNTL_H 1
| #define HAVE_SYS_TIME_H 1
| #define HAVE_UNISTD_H 1
| #define HAVE_LINUX_SOUNDCARD_H 1
| #define TIME_WITH_SYS_TIME 1
| /* end confdefs.h.  */
| #include <sys/types.h>
| #include <sys/param.h>
| 
| int
| main ()
| {
| #if BYTE_ORDER != BIG_ENDIAN
|  not big endian
| #endif
| 
|   ;
|   return 0;
| }
configure:19753: result: no
configure:19782: checking for select
configure:19839: gcc -o conftest -g -O2 -Wall   conftest.c  >&5
configure:19845: $? = 0
configure:19848: test -z 			 || test ! -s conftest.err
configure:19851: $? = 0
configure:19854: test -s conftest
configure:19857: $? = 0
configure:19869: result: yes
configure:19782: checking for socket
configure:19839: gcc -o conftest -g -O2 -Wall   conftest.c  >&5
configure:19845: $? = 0
configure:19848: test -z 			 || test ! -s conftest.err
configure:19851: $? = 0
configure:19854: test -s conftest
configure:19857: $? = 0
configure:19869: result: yes
configure:19782: checking for strerror
configure:19839: gcc -o conftest -g -O2 -Wall   conftest.c  >&5
configure:19845: $? = 0
configure:19848: test -z 			 || test ! -s conftest.err
configure:19851: $? = 0
configure:19854: test -s conftest
configure:19857: $? = 0
configure:19869: result: yes
configure:19973: checking for pkg-config
configure:19991: found /usr/bin/pkg-config
configure:20003: result: /usr/bin/pkg-config
configure:20018: checking pkg-config is at least version 0.9.0
configure:20021: result: yes
configure:20032: checking for GTK_DOC
configure:20040: $PKG_CONFIG --exists --print-errors "gtk-doc >= 0.6"
Package gtk-doc was not found in the pkg-config search path.
Perhaps you should add the directory containing `gtk-doc.pc'
to the PKG_CONFIG_PATH environment variable
No package 'gtk-doc' found
configure:20043: $? = 1
configure:20058: $PKG_CONFIG --exists --print-errors "gtk-doc >= 0.6"
Package gtk-doc was not found in the pkg-config search path.
Perhaps you should add the directory containing `gtk-doc.pc'
to the PKG_CONFIG_PATH environment variable
No package 'gtk-doc' found
configure:20061: $? = 1
No package 'gtk-doc' found
configure:20115: checking for epm
configure:20146: result: false
configure:20155: checking for mkepmlist
configure:20186: result: false
configure:20195: checking for epminstall
configure:20226: result: false
configure:20430: creating ./config.status

## ---------------------- ##
## Running config.status. ##
## ---------------------- ##

This file was extended by config.status, which was
generated by GNU Autoconf 2.59.  Invocation command line was

  CONFIG_FILES    = 
  CONFIG_HEADERS  = 
  CONFIG_LINKS    = 
  CONFIG_COMMANDS = 
  $ ./config.status 

on ubuntu

config.status:796: creating Makefile
config.status:796: creating include/Makefile
config.status:796: creating include/ortp/Makefile
config.status:796: creating src/Makefile
config.status:796: creating src/tests/Makefile
config.status:796: creating src/tests/win_receiver/Makefile
config.status:796: creating src/tests/win_sender/Makefile
config.status:796: creating docs/Makefile
config.status:796: creating build/Makefile
config.status:796: creating build/win32native/Makefile
config.status:796: creating ortp.pc
config.status:796: creating ortp.spec
config.status:862: creating ortp-config.h
config.status:1002: ortp-config.h is unchanged
config.status:1182: executing depfiles commands

## ---------------- ##
## Cache variables. ##
## ---------------- ##

ac_cv_build=x86_64-unknown-linux-gnu
ac_cv_build_alias=x86_64-unknown-linux-gnu
ac_cv_c_bigendian=no
ac_cv_c_compiler_gnu=yes
ac_cv_c_const=yes
ac_cv_c_inline=inline
ac_cv_cxx_compiler_gnu=yes
ac_cv_env_CC_set=
ac_cv_env_CC_value=
ac_cv_env_CFLAGS_set=
ac_cv_env_CFLAGS_value=
ac_cv_env_CPPFLAGS_set=
ac_cv_env_CPPFLAGS_value=
ac_cv_env_CPP_set=
ac_cv_env_CPP_value=
ac_cv_env_CXXCPP_set=
ac_cv_env_CXXCPP_value=
ac_cv_env_CXXFLAGS_set=
ac_cv_env_CXXFLAGS_value=
ac_cv_env_CXX_set=
ac_cv_env_CXX_value=
ac_cv_env_F77_set=
ac_cv_env_F77_value=
ac_cv_env_FFLAGS_set=
ac_cv_env_FFLAGS_value=
ac_cv_env_GTK_DOC_CFLAGS_set=
ac_cv_env_GTK_DOC_CFLAGS_value=
ac_cv_env_GTK_DOC_LIBS_set=
ac_cv_env_GTK_DOC_LIBS_value=
ac_cv_env_LDFLAGS_set=
ac_cv_env_LDFLAGS_value=
ac_cv_env_PKG_CONFIG_set=
ac_cv_env_PKG_CONFIG_value=
ac_cv_env_build_alias_set=
ac_cv_env_build_alias_value=
ac_cv_env_host_alias_set=
ac_cv_env_host_alias_value=
ac_cv_env_target_alias_set=
ac_cv_env_target_alias_value=
ac_cv_exeext=
ac_cv_f77_compiler_gnu=no
ac_cv_func_select=yes
ac_cv_func_seteuid=yes
ac_cv_func_socket=yes
ac_cv_func_strerror=yes
ac_cv_header_dlfcn_h=yes
ac_cv_header_fcntl_h=yes
ac_cv_header_inttypes_h=yes
ac_cv_header_linux_soundcard_h=yes
ac_cv_header_memory_h=yes
ac_cv_header_poll_h=yes
ac_cv_header_stdc=yes
ac_cv_header_stdint_h=yes
ac_cv_header_stdlib_h=yes
ac_cv_header_string_h=yes
ac_cv_header_strings_h=yes
ac_cv_header_sys_audio_h=no
ac_cv_header_sys_poll_h=yes
ac_cv_header_sys_stat_h=yes
ac_cv_header_sys_time_h=yes
ac_cv_header_sys_types_h=yes
ac_cv_header_sys_uio_h=yes
ac_cv_header_time=yes
ac_cv_header_unistd_h=yes
ac_cv_host=x86_64-unknown-linux-gnu
ac_cv_host_alias=x86_64-unknown-linux-gnu
ac_cv_lib_pthread_pthread_mutex_init=yes
ac_cv_objext=o
ac_cv_path_EPM=false
ac_cv_path_EPMINSTALL=false
ac_cv_path_MKEPMLIST=false
ac_cv_path_ac_pt_PKG_CONFIG=/usr/bin/pkg-config
ac_cv_path_install='/usr/bin/install -c'
ac_cv_prog_AWK=gawk
ac_cv_prog_CPP='gcc -E'
ac_cv_prog_CXXCPP='g++ -E'
ac_cv_prog_ac_ct_AR=ar
ac_cv_prog_ac_ct_CC=gcc
ac_cv_prog_ac_ct_CXX=g++
ac_cv_prog_ac_ct_RANLIB=ranlib
ac_cv_prog_ac_ct_STRIP=strip
ac_cv_prog_cc_g=yes
ac_cv_prog_cc_stdc=
ac_cv_prog_cxx_g=yes
ac_cv_prog_egrep='grep -E'
ac_cv_prog_f77_g=no
ac_cv_prog_make_make_set=yes
ac_cv_target=x86_64-unknown-linux-gnu
ac_cv_target_alias=x86_64-unknown-linux-gnu
am_cv_CC_dependencies_compiler_type=gcc3
am_cv_CXX_dependencies_compiler_type=gcc3
lt_cv_deplibs_check_method=pass_all
lt_cv_file_magic_cmd='$MAGIC_CMD'
lt_cv_file_magic_test_file=
lt_cv_ld_reload_flag=-r
lt_cv_objdir=.libs
lt_cv_path_LD=/usr/bin/ld
lt_cv_path_LDCXX='/usr/bin/ld -m elf_x86_64'
lt_cv_path_NM='/usr/bin/nm -B'
lt_cv_path_SED=/bin/sed
lt_cv_prog_compiler_c_o=yes
lt_cv_prog_compiler_c_o_CXX=yes
lt_cv_prog_compiler_rtti_exceptions=no
lt_cv_prog_gnu_ld=yes
lt_cv_prog_gnu_ldcxx=yes
lt_cv_sys_global_symbol_pipe='sed -n -e '\''s/^.*[ 	]\([ABCDGIRSTW][ABCDGIRSTW]*\)[ 	][ 	]*\([_A-Za-z][_A-Za-z0-9]*\)$/\1 \2 \2/p'\'''
lt_cv_sys_global_symbol_to_c_name_address='sed -n -e '\''s/^: \([^ ]*\) $/  {\"\1\", (lt_ptr) 0},/p'\'' -e '\''s/^[BCDEGRST] \([^ ]*\) \([^ ]*\)$/  {"\2", (lt_ptr) \&\2},/p'\'''
lt_cv_sys_global_symbol_to_cdecl='sed -n -e '\''s/^. .* \(.*\)$/extern int \1;/p'\'''
lt_cv_sys_max_cmd_len=32768
lt_lt_cv_prog_compiler_c_o='"yes"'
lt_lt_cv_prog_compiler_c_o_CXX='"yes"'
lt_lt_cv_sys_global_symbol_pipe='"sed -n -e '\''s/^.*[ 	]\\([ABCDGIRSTW][ABCDGIRSTW]*\\)[ 	][ 	]*\\([_A-Za-z][_A-Za-z0-9]*\\)\$/\\1 \\2 \\2/p'\''"'
lt_lt_cv_sys_global_symbol_to_c_name_address='"sed -n -e '\''s/^: \\([^ ]*\\) \$/  {\\\"\\1\\\", (lt_ptr) 0},/p'\'' -e '\''s/^[BCDEGRST] \\([^ ]*\\) \\([^ ]*\\)\$/  {\"\\2\", (lt_ptr) \\&\\2},/p'\''"'
lt_lt_cv_sys_global_symbol_to_cdecl='"sed -n -e '\''s/^. .* \\(.*\\)\$/extern int \\1;/p'\''"'

## ----------------- ##
## Output variables. ##
## ----------------- ##

ACLOCAL='${SHELL} /home/ishamo/zdw/ortp-0.9.1/missing --run aclocal-1.8'
AMDEPBACKSLASH='\'
AMDEP_FALSE='#'
AMDEP_TRUE=''
AMTAR='${SHELL} /home/ishamo/zdw/ortp-0.9.1/missing --run tar'
AR='ar'
ARCH='x86_64'
AUTOCONF='${SHELL} /home/ishamo/zdw/ortp-0.9.1/missing --run autoconf'
AUTOHEADER='${SHELL} /home/ishamo/zdw/ortp-0.9.1/missing --run autoheader'
AUTOMAKE='${SHELL} /home/ishamo/zdw/ortp-0.9.1/missing --run automake-1.8'
AWK='gawk'
CC='gcc'
CCDEPMODE='depmode=gcc3'
CFLAGS='-g -O2 -Wall -Werror   -DORTP_INET6'
CPP='gcc -E'
CPPFLAGS=''
CXX='g++'
CXXCPP='g++ -E'
CXXDEPMODE='depmode=gcc3'
CXXFLAGS='-g -O2'
CYGPATH_W='echo'
DEFS='-DHAVE_CONFIG_H'
DEPDIR='.deps'
ECHO='echo'
ECHO_C=''
ECHO_N='-n'
ECHO_T=''
EGREP='grep -E'
ENABLE_GTK_DOC_FALSE=''
ENABLE_GTK_DOC_TRUE='#'
EPM='false'
EPMINSTALL='false'
EPM_PKG_EXT='deb'
EXEEXT=''
F77=''
FFLAGS=''
GTK_DOC_CFLAGS=''
GTK_DOC_LIBS=''
HTML_DIR='${datadir}/gtk-doc/html'
INSTALL_DATA='${INSTALL} -m 644'
INSTALL_PROGRAM='${INSTALL}'
INSTALL_SCRIPT='${INSTALL}'
INSTALL_STRIP_PROGRAM='${SHELL} $(install_sh) -c -s'
LDFLAGS=''
LIBOBJS=''
LIBORTP_SO_VERSION='4:0:0'
LIBS=''
LIBTOOL='$(SHELL) $(top_builddir)/libtool'
LICENSE='LGPL'
LN_S='ln -s'
LTLIBOBJS=''
MAKEINFO='${SHELL} /home/ishamo/zdw/ortp-0.9.1/missing --run makeinfo'
MKEPMLIST='false'
OBJEXT='o'
ORTPDEPS_CFLAGS=' -D_REENTRANT  -DORTP_INET6'
ORTPDEPS_LDFLAGS=''
ORTPDEPS_LIBS=' -lpthread '
ORTP_PKGCONFIG_VERSION='0.9.1'
ORTP_VERSION='0.9.1'
PACKAGE='ortp'
PACKAGER='anonymous'
PACKAGE_BUGREPORT=''
PACKAGE_NAME=''
PACKAGE_STRING=''
PACKAGE_TARNAME=''
PACKAGE_VERSION=''
PATH_SEPARATOR=':'
PKG_CONFIG='/usr/bin/pkg-config'
PTHREAD_CFLAGS='-D_REENTRANT'
PTHREAD_LDFLAGS=''
PTHREAD_LIBS='-lpthread'
RANLIB='ranlib'
RELEASE='1'
SET_MAKE=''
SHELL='/bin/bash'
STRIP='strip'
SUMMARY='An LGPL implementation of RTP - RFC3550'
SYS_GROUP='root'
SYS_USER='root'
VENDOR='Linphone'
VERSION='0.9.1'
WITH_EPM_FALSE=''
WITH_EPM_TRUE='#'
ac_ct_AR='ar'
ac_ct_CC='gcc'
ac_ct_CXX='g++'
ac_ct_F77=''
ac_ct_RANLIB='ranlib'
ac_ct_STRIP='strip'
ac_pt_PKG_CONFIG='/usr/bin/pkg-config'
am__fastdepCC_FALSE='#'
am__fastdepCC_TRUE=''
am__fastdepCXX_FALSE='#'
am__fastdepCXX_TRUE=''
am__include='include'
am__leading_dot='.'
am__quote=''
bindir='${exec_prefix}/bin'
build='x86_64-unknown-linux-gnu'
build_alias=''
build_cpu='x86_64'
build_os='linux-gnu'
build_vendor='unknown'
datadir='${prefix}/share'
exec_prefix='${prefix}'
host='x86_64-unknown-linux-gnu'
host_alias=''
host_cpu='x86_64'
host_os='linux-gnu'
host_vendor='unknown'
includedir='${prefix}/include'
infodir='${prefix}/info'
install_sh='/home/ishamo/zdw/ortp-0.9.1/install-sh'
libdir='${exec_prefix}/lib'
libexecdir='${exec_prefix}/libexec'
localstatedir='${prefix}/var'
mandir='${prefix}/man'
mkdir_p='mkdir -p -- .'
oldincludedir='/usr/include'
prefix='/usr/local'
program_transform_name='s,x,x,'
sbindir='${exec_prefix}/sbin'
sharedstatedir='${prefix}/com'
sysconfdir='${prefix}/etc'
target='x86_64-unknown-linux-gnu'
target_alias=''
target_cpu='x86_64'
target_os='linux-gnu'
target_vendor='unknown'

## ----------- ##
## confdefs.h. ##
## ----------- ##

#define HAVE_DLFCN_H 1
#define HAVE_FCNTL_H 1
#define HAVE_INTTYPES_H 1
#define HAVE_LINUX_SOUNDCARD_H 1
#define HAVE_MEMORY_H 1
#define HAVE_POLL_H 1
#define HAVE_SELECT 1
#define HAVE_SETEUID 1
#define HAVE_SOCKET 1
#define HAVE_STDINT_H 1
#define HAVE_STDLIB_H 1
#define HAVE_STRERROR 1
#define HAVE_STRINGS_H 1
#define HAVE_STRING_H 1
#define HAVE_SYS_POLL_H 1
#define HAVE_SYS_STAT_H 1
#define HAVE_SYS_TIME_H 1
#define HAVE_SYS_TYPES_H 1
#define HAVE_SYS_UIO_H 1
#define HAVE_UNISTD_H 1
#define HAVE_UNISTD_H 1
#define ORTP_MAJOR_VERSION 0
#define ORTP_MICRO_VERSION 1
#define ORTP_MINOR_VERSION 9
#define ORTP_VERSION "0.9.1"
#define PACKAGE_BUGREPORT ""
#define PACKAGE_NAME ""
#define PACKAGE_STRING ""
#define PACKAGE_TARNAME ""
#define PACKAGE_VERSION ""
#define POSIXTIMER_INTERVAL 10000
#define STDC_HEADERS 1
#define STDC_HEADERS 1
#define TIME_WITH_SYS_TIME 1
#endif
#ifdef __cplusplus
extern "C" void exit (int) throw ();

configure: exit 0
